<?xml version="1.0" encoding="UTF-8" ?>
<testsuite tests="6" failures="0" name="com.blooster.kata.fizzbuzz.FizzBuzzTest" time="0.03" errors="0" skipped="0">
  <properties>
[...]
</properties>
  <testcase classname="com.blooster.kata.fizzbuzz.FizzBuzzTest" name="shouldPrintNormalNumber" time="0.03"/>
  <testcase classname="com.blooster.kata.fizzbuzz.FizzBuzzTest" name="shouldPrintFizzIfNumberDividedBy3" time="0"/>
  <testcase classname="com.blooster.kata.fizzbuzz.FizzBuzzTest" name="shouldPrintFizzIfNumberDividedBy5" time="0"/>
  <testcase classname="com.blooster.kata.fizzbuzz.FizzBuzzTest" name="shouldPrintBuzzIfNumberContains3" time="0"/>
  <testcase classname="com.blooster.kata.fizzbuzz.FizzBuzzTest" name="shouldPrintFizzBuzzIfNumberDividedBy3And5" time="0"/>
  <testcase classname="com.blooster.kata.fizzbuzz.FizzBuzzTest" name="shouldPrintFizzIfNumberContains5" time="0"/>
</testsuite>